<?xml version="1.0" encoding="UTF-8"?>
<robot generator="Robot 6.0.1 (Python 3.9.7 on win32)" generated="20221119 16:51:08.915" rpa="false" schemaversion="3">
<suite id="s1" name="Test" source="C:\Users\1\Desktop\Robot\TestCase\test.robot">
<test id="s1-t1" name="Valid Login" line="10">
<kw name="Open Browser To Login Page">
<kw name="Open Browser" library="SeleniumLibrary">
<arg>${LOGIN URL}</arg>
<arg>${BROWSER}</arg>
<doc>Opens a new browser instance to the optional ``url``.</doc>
<msg timestamp="20221119 16:51:09.234" level="INFO">Opening browser 'Chrome' to base url 'http://localhost:7272'.</msg>
<msg timestamp="20221119 16:51:12.509" level="INFO">Cannot capture screenshot because no browser is open.</msg>
<msg timestamp="20221119 16:51:12.509" level="FAIL">SessionNotCreatedException: Message: session not created: This version of ChromeDriver only supports Chrome version 108
Current browser version is 107.0.5304.107 with binary path C:\Program Files\Google\Chrome\Application\chrome.exe
Stacktrace:
Backtrace:
	(No symbol) [0x00EAE563]
	(No symbol) [0x00E37FC1]
	(No symbol) [0x00D2D04D]
	(No symbol) [0x00D4F6B4]
	(No symbol) [0x00D4A97C]
	(No symbol) [0x00D482E9]
	(No symbol) [0x00D7F056]
	(No symbol) [0x00D7EB2A]
	(No symbol) [0x00D78386]
	(No symbol) [0x00D5163C]
	(No symbol) [0x00D5269D]
	GetHandleVerifier [0x01149B82+2658722]
	GetHandleVerifier [0x0113CB84+2605476]
	GetHandleVerifier [0x00F5825A+620666]
	GetHandleVerifier [0x00F56E80+615584]
	(No symbol) [0x00E405EC]
	(No symbol) [0x00E45958]
	(No symbol) [0x00E45A45]
	(No symbol) [0x00E5050B]
	BaseThreadInitThunk [0x75D2FEF9+25]
	RtlGetAppContainerNamedObjectPath [0x776F7BBE+286]
	RtlGetAppContainerNamedObjectPath [0x776F7B8E+238]
</msg>
<status status="FAIL" starttime="20221119 16:51:09.234" endtime="20221119 16:51:12.513"/>
</kw>
<kw name="Title Should Be" library="SeleniumLibrary">
<arg>Login Page</arg>
<doc>Verifies that the current page title equals ``title``.</doc>
<status status="NOT RUN" starttime="20221119 16:51:12.513" endtime="20221119 16:51:12.513"/>
</kw>
<status status="FAIL" starttime="20221119 16:51:09.233" endtime="20221119 16:51:12.513"/>
</kw>
<kw name="Input Username">
<arg>demo</arg>
<status status="NOT RUN" starttime="20221119 16:51:12.514" endtime="20221119 16:51:12.514"/>
</kw>
<kw name="Input Password">
<arg>mode</arg>
<status status="NOT RUN" starttime="20221119 16:51:12.514" endtime="20221119 16:51:12.514"/>
</kw>
<kw name="Submit Credentials">
<status status="NOT RUN" starttime="20221119 16:51:12.515" endtime="20221119 16:51:12.515"/>
</kw>
<kw name="Welcome Page Should Be Open">
<status status="NOT RUN" starttime="20221119 16:51:12.515" endtime="20221119 16:51:12.515"/>
</kw>
<kw name="Close Browser" library="SeleniumLibrary" type="TEARDOWN">
<doc>Closes the current browser.</doc>
<status status="PASS" starttime="20221119 16:51:12.516" endtime="20221119 16:51:12.516"/>
</kw>
<status status="FAIL" starttime="20221119 16:51:09.232" endtime="20221119 16:51:12.516">SessionNotCreatedException: Message: session not created: This version of ChromeDriver only supports Chrome version 108
Current browser version is 107.0.5304.107 with binary path C:\Program Files\Google\Chrome\Application\chrome.exe
Stacktrace:
Backtrace:
	(No symbol) [0x00EAE563]
	(No symbol) [0x00E37FC1]
	(No symbol) [0x00D2D04D]
	(No symbol) [0x00D4F6B4]
	(No symbol) [0x00D4A97C]
	(No symbol) [0x00D482E9]
	(No symbol) [0x00D7F056]
	(No symbol) [0x00D7EB2A]
	(No symbol) [0x00D78386]
	(No symbol) [0x00D5163C]
	(No symbol) [0x00D5269D]
	GetHandleVerifier [0x01149B82+2658722]
	GetHandleVerifier [0x0113CB84+2605476]
	GetHandleVerifier [0x00F5825A+620666]
	GetHandleVerifier [0x00F56E80+615584]
	(No symbol) [0x00E405EC]
	(No symbol) [0x00E45958]
	(No symbol) [0x00E45A45]
	(No symbol) [0x00E5050B]
	BaseThreadInitThunk [0x75D2FEF9+25]
	RtlGetAppContainerNamedObjectPath [0x776F7BBE+286]
	RtlGetAppContainerNamedObjectPath [0x776F7B8E+238]
</status>
</test>
<doc>Simple example using SeleniumLibrary.</doc>
<status status="FAIL" starttime="20221119 16:51:08.919" endtime="20221119 16:51:16.587"/>
</suite>
<statistics>
<total>
<stat pass="0" fail="1" skip="0">All Tests</stat>
</total>
<tag>
</tag>
<suite>
<stat pass="0" fail="1" skip="0" id="s1" name="Test">Test</stat>
</suite>
</statistics>
<errors>
</errors>
</robot>
